{"/Users/nathantjahjadi/rithm/exercises/node-markov/markov.js": {"path":"/Users/nathantjahjadi/rithm/exercises/node-markov/markov.js","statementMap":{"0":{"start":{"line":12,"column":4},"end":{"line":12,"column":40}},"1":{"start":{"line":13,"column":4},"end":{"line":13,"column":35}},"2":{"start":{"line":30,"column":19},"end":{"line":30,"column":21}},"3":{"start":{"line":32,"column":4},"end":{"line":38,"column":5}},"4":{"start":{"line":32,"column":17},"end":{"line":32,"column":18}},"5":{"start":{"line":33,"column":21},"end":{"line":33,"column":34}},"6":{"start":{"line":34,"column":21},"end":{"line":34,"column":46}},"7":{"start":{"line":36,"column":6},"end":{"line":36,"column":48}},"8":{"start":{"line":37,"column":6},"end":{"line":37,"column":38}},"9":{"start":{"line":40,"column":4},"end":{"line":40,"column":18}},"10":{"start":{"line":47,"column":17},"end":{"line":47,"column":19}},"11":{"start":{"line":48,"column":4},"end":{"line":48,"column":29}},"12":{"start":{"line":51,"column":18},"end":{"line":51,"column":22}},"13":{"start":{"line":53,"column":4},"end":{"line":65,"column":5}},"14":{"start":{"line":54,"column":23},"end":{"line":54,"column":44}},"15":{"start":{"line":57,"column":24},"end":{"line":57,"column":80}},"16":{"start":{"line":58,"column":23},"end":{"line":58,"column":55}},"17":{"start":{"line":60,"column":6},"end":{"line":64,"column":7}},"18":{"start":{"line":61,"column":8},"end":{"line":61,"column":24}},"19":{"start":{"line":63,"column":8},"end":{"line":63,"column":28}},"20":{"start":{"line":67,"column":4},"end":{"line":67,"column":26}},"21":{"start":{"line":72,"column":0},"end":{"line":74,"column":2}}},"fnMap":{"0":{"name":"(anonymous_0)","decl":{"start":{"line":9,"column":2},"end":{"line":9,"column":3}},"loc":{"start":{"line":9,"column":20},"end":{"line":14,"column":3}},"line":9},"1":{"name":"(anonymous_1)","decl":{"start":{"line":29,"column":2},"end":{"line":29,"column":3}},"loc":{"start":{"line":29,"column":14},"end":{"line":41,"column":3}},"line":29},"2":{"name":"(anonymous_2)","decl":{"start":{"line":46,"column":2},"end":{"line":46,"column":3}},"loc":{"start":{"line":46,"column":12},"end":{"line":68,"column":3}},"line":46}},"branchMap":{"0":{"loc":{"start":{"line":34,"column":21},"end":{"line":34,"column":46}},"type":"binary-expr","locations":[{"start":{"line":34,"column":21},"end":{"line":34,"column":38}},{"start":{"line":34,"column":42},"end":{"line":34,"column":46}}],"line":34},"1":{"loc":{"start":{"line":36,"column":25},"end":{"line":36,"column":47}},"type":"binary-expr","locations":[{"start":{"line":36,"column":25},"end":{"line":36,"column":41}},{"start":{"line":36,"column":45},"end":{"line":36,"column":47}}],"line":36},"2":{"loc":{"start":{"line":60,"column":6},"end":{"line":64,"column":7}},"type":"if","locations":[{"start":{"line":60,"column":6},"end":{"line":64,"column":7}},{"start":{"line":62,"column":13},"end":{"line":64,"column":7}}],"line":60}},"s":{"0":2,"1":2,"2":2,"3":2,"4":2,"5":21,"6":21,"7":21,"8":21,"9":2,"10":3,"11":3,"12":3,"13":3,"14":27,"15":27,"16":27,"17":27,"18":3,"19":24,"20":3,"21":1},"f":{"0":2,"1":2,"2":3},"b":{"0":[21,2],"1":[21,14],"2":[3,24]},"_coverageSchema":"1a1c01bbd47fc00a2c39e90264f33305004495a9","hash":"df5050a28e4c5bb99dd94ae7c42b2f25020a5b3a"}
}
